<?xml version="1.0" encoding="utf-8"?><testsuites name="pytest tests"><testsuite name="pytest" errors="0" failures="0" skipped="2" tests="13" time="6.106" timestamp="2026-03-31T01:11:20.900279+00:00" hostname="agent-env-8b64130f-eeb6-4cb7-a95e-b838b71f7948"><testcase classname="tests.test_v31_add_code_system.TestV31AddCodeSystem" name="test_get_my_add_code" time="0.416" /><testcase classname="tests.test_v31_add_code_system.TestV31AddCodeSystem" name="test_wolf1_has_correct_seed_code" time="0.456" /><testcase classname="tests.test_v31_add_code_system.TestV31AddCodeSystem" name="test_adler2_has_correct_seed_code" time="0.391" /><testcase classname="tests.test_v31_add_code_system.TestV31AddCodeSystem" name="test_reset_add_code" time="0.466" /><testcase classname="tests.test_v31_add_code_system.TestV31AddCodeSystem" name="test_add_by_code_send_request" time="0.374" /><testcase classname="tests.test_v31_add_code_system.TestV31AddCodeSystem" name="test_add_by_code_invalid_code" time="0.494" /><testcase classname="tests.test_v31_add_code_system.TestV31AddCodeSystem" name="test_add_by_code_own_code" time="0.479" /><testcase classname="tests.test_v31_add_code_system.TestV31AddCodeSystem" name="test_get_contact_requests" time="0.428" /><testcase classname="tests.test_v31_add_code_system.TestV31AddCodeSystem" name="test_accept_contact_request" time="0.395"><skipped type="pytest.skip" message="No pending requests">/app/backend/tests/test_v31_add_code_system.py:269: No pending requests</skipped></testcase><testcase classname="tests.test_v31_add_code_system.TestV31AddCodeSystem" name="test_get_contacts_only_confirmed" time="0.420" /><testcase classname="tests.test_v31_add_code_system.TestV31AddCodeSystem" name="test_get_users_only_confirmed_contacts" time="0.422" /><testcase classname="tests.test_v31_add_code_system.TestV31AddCodeSystem" name="test_reject_contact_request" time="0.395"><skipped type="pytest.skip" message="Cannot test reject - already contacts">/app/backend/tests/test_v31_add_code_system.py:372: Cannot test reject - already contacts</skipped></testcase><testcase classname="tests.test_v31_add_code_system.TestV31AddCodeSystem" name="test_full_add_code_flow" time="0.914" /></testsuite></testsuites>