<?xml version="1.0" encoding="utf-8"?><testsuites name="pytest tests"><testsuite name="pytest" errors="0" failures="1" skipped="0" tests="22" time="10.337" timestamp="2026-03-30T21:30:44.903869+00:00" hostname="agent-env-8b64130f-eeb6-4cb7-a95e-b838b71f7948"><testcase classname="tests.test_auth.TestAuth" name="test_login_admin_success" time="0.422" /><testcase classname="tests.test_auth.TestAuth" name="test_login_test_user_success" time="0.371" /><testcase classname="tests.test_auth.TestAuth" name="test_login_invalid_credentials" time="0.141" /><testcase classname="tests.test_auth.TestAuth" name="test_register_new_user" time="0.409" /><testcase classname="tests.test_auth.TestAuth" name="test_get_me_authenticated" time="0.379" /><testcase classname="tests.test_auth.TestAuth" name="test_get_me_unauthenticated" time="0.116" /><testcase classname="tests.test_auth.TestAuth" name="test_logout" time="0.381" /><testcase classname="tests.test_auth.TestAuth" name="test_change_passkey" time="1.137" /><testcase classname="tests.test_auth.TestAuth" name="test_users_endpoint_no_email" time="0.460" /><testcase classname="tests.test_chats_messages.TestChats" name="test_create_1on1_chat_and_verify" time="0.530" /><testcase classname="tests.test_chats_messages.TestChats" name="test_list_chats" time="0.392" /><testcase classname="tests.test_chats_messages.TestChats" name="test_get_chat_by_id" time="0.435" /><testcase classname="tests.test_chats_messages.TestChats" name="test_create_group_chat" time="0.954"><failure message="assert 403 == 200&#10; +  where 403 = &lt;Response [403]&gt;.status_code">tests/test_chats_messages.py:112: in test_create_group_chat
    assert create_response.status_code == 200
E   assert 403 == 200
E    +  where 403 = &lt;Response [403]&gt;.status_code</failure></testcase><testcase classname="tests.test_chats_messages.TestMessages" name="test_send_message_and_verify" time="0.521" /><testcase classname="tests.test_chats_messages.TestMessages" name="test_get_messages" time="0.498" /><testcase classname="tests.test_chats_messages.TestMessages" name="test_mark_messages_read" time="0.490" /><testcase classname="tests.test_chats_messages.TestMessages" name="test_send_emergency_message" time="0.470" /><testcase classname="tests.test_users_contacts.TestUsers" name="test_list_users" time="0.385" /><testcase classname="tests.test_users_contacts.TestUsers" name="test_get_user_by_id" time="0.456" /><testcase classname="tests.test_users_contacts.TestContacts" name="test_add_contact_and_verify" time="0.522" /><testcase classname="tests.test_users_contacts.TestContacts" name="test_list_contacts" time="0.396" /><testcase classname="tests.test_users_contacts.TestContacts" name="test_update_profile" time="0.379" /></testsuite></testsuites>